12:37:21 **** Incremental Build of configuration Debug for project Atmega32 ****
make all 
Building file: ../App/main.c
Invoking: AVR Compiler
avr-gcc -Wall -g2 -gstabs -O0 -fpack-struct -fshort-enums -ffunction-sections -fdata-sections -std=gnu99 -funsigned-char -funsigned-bitfields -mmcu=atmega16 -DF_CPU=1000000UL -MMD -MP -MF"App/main.d" -MT"App/main.o" -c -o "App/main.o" "../App/main.c"
In file included from ../App/../Hal/LCD/../../Mcal/GPIO/../../Lib/Std_Types.h:16:0,
                 from ../App/../Hal/LCD/../../Mcal/GPIO/ GPIO_reg.h:12,
                 from ../App/../Hal/LCD/../../Mcal/GPIO/GPIO_init.h:12,
                 from ../App/../Hal/LCD/../../Mcal/Mcal_dfs.h:11,
                 from ../App/../Hal/LCD/LCD_init.h:12,
                 from ../App/../Hal/Hal_dfs.h:11,
                 from ../App/main.h:12,
                 from ../App/main.c:8:
/usr/lib/avr/include/util/delay.h:112:3: warning: #warning "Compiler optimizations disabled; functions from <util/delay.h> won't work as designed" [-Wcpp]
 # warning "Compiler optimizations disabled; functions from <util/delay.h> won't work as designed"
   ^
../App/main.c: In function ‘main’:
../App/main.c:24:18: warning: pointer targets in passing argument 1 of ‘LCD_vidWriteStr’ differ in signedness [-Wpointer-sign]
  LCD_vidWriteStr("speed:");
                  ^
In file included from ../App/../Hal/Hal_dfs.h:11:0,
                 from ../App/main.h:12,
                 from ../App/main.c:8:
../App/../Hal/LCD/LCD_init.h:46:6: note: expected ‘uint8 * {aka unsigned char *}’ but argument is of type ‘char *’
 void LCD_vidWriteStr(uint8 *u8StrCopy);
      ^
../App/main.c:26:18: warning: pointer targets in passing argument 1 of ‘LCD_vidWriteStr’ differ in signedness [-Wpointer-sign]
  LCD_vidWriteStr("distance:");
                  ^
In file included from ../App/../Hal/Hal_dfs.h:11:0,
                 from ../App/main.h:12,
                 from ../App/main.c:8:
../App/../Hal/LCD/LCD_init.h:46:6: note: expected ‘uint8 * {aka unsigned char *}’ but argument is of type ‘char *’
 void LCD_vidWriteStr(uint8 *u8StrCopy);
      ^
../App/main.c:32:38: warning: pointer targets in passing argument 1 of ‘LCD_vidWriteStr’ differ in signedness [-Wpointer-sign]
   LCD_vidGoto(1, 9); LCD_vidWriteStr("    ");
                                      ^
In file included from ../App/../Hal/Hal_dfs.h:11:0,
                 from ../App/main.h:12,
                 from ../App/main.c:8:
../App/../Hal/LCD/LCD_init.h:46:6: note: expected ‘uint8 * {aka unsigned char *}’ but argument is of type ‘char *’
 void LCD_vidWriteStr(uint8 *u8StrCopy);
      ^
../App/main.c:34:39: warning: pointer targets in passing argument 1 of ‘LCD_vidWriteStr’ differ in signedness [-Wpointer-sign]
   LCD_vidGoto(1, 13); LCD_vidWriteStr("km/h");
                                       ^
In file included from ../App/../Hal/Hal_dfs.h:11:0,
                 from ../App/main.h:12,
                 from ../App/main.c:8:
../App/../Hal/LCD/LCD_init.h:46:6: note: expected ‘uint8 * {aka unsigned char *}’ but argument is of type ‘char *’
 void LCD_vidWriteStr(uint8 *u8StrCopy);
      ^
../App/main.c:36:39: warning: pointer targets in passing argument 1 of ‘LCD_vidWriteStr’ differ in signedness [-Wpointer-sign]
   LCD_vidGoto(2, 10); LCD_vidWriteStr("    ");
                                       ^
In file included from ../App/../Hal/Hal_dfs.h:11:0,
                 from ../App/main.h:12,
                 from ../App/main.c:8:
../App/../Hal/LCD/LCD_init.h:46:6: note: expected ‘uint8 * {aka unsigned char *}’ but argument is of type ‘char *’
Finished building: ../App/main.c
 void LCD_vidWriteStr(uint8 *u8StrCopy);
      ^
../App/main.c:38:39: warning: pointer targets in passing argument 1 of ‘LCD_vidWriteStr’ differ in signedness [-Wpointer-sign]
   LCD_vidGoto(2, 13); LCD_vidWriteStr("cm");
                                       ^
In file included from ../App/../Hal/Hal_dfs.h:11:0,
                 from ../App/main.h:12,
                 from ../App/main.c:8:
../App/../Hal/LCD/LCD_init.h:46:6: note: expected ‘uint8 * {aka unsigned char *}’ but argument is of type ‘char *’
 void LCD_vidWriteStr(uint8 *u8StrCopy);
      ^
 
Building target: Atmega32.elf
Invoking: AVR C Linker
avr-gcc -Wl,-Map,Atmega32.map -mmcu=atmega16 -o "Atmega32.elf" ./Mcal/USART/USART_prog.o  ./Mcal/Timer2/Timer2_prog.o  ./Mcal/Timer1/Timer1_prog.o  ./Mcal/Timer0/Timer0_prog.o  ./Mcal/Interrupt/Interrupt_external_prog.o  ./Mcal/GPIO/GPIO_prog.o  ./Mcal/ADC/ADC_prog.o  ./Hal/ULTRA_SONIC/ULTRA_SONIC.o  ./Hal/LCD/LCD_prog.o  ./Hal/DC_MOTOR/DC_MOTOR.o  ./Hal/BUZZ/BUZZ.o  ./Hal/BTN/BTN.o  ./App/main.o   
Finished building target: Atmega32.elf
 
Invoking: AVR Create Extended Listing
avr-objdump -h -S Atmega32.elf  >"Atmega32.lss"
Finished building: Atmega32.lss
 
Create Flash image (ihex format)
avr-objcopy -R .eeprom -R .fuse -R .lock -R .signature -O ihex Atmega32.elf  "Atmega32.hex"
Finished building: Atmega32.hex
 
Invoking: Print Size
avr-size --format=avr --mcu=atmega16 Atmega32.elf
AVR Memory Usage
----------------
Device: atmega16

Program:   12778 bytes (78.0% Full)
(.text + .data + .bootloader)

Data:         72 bytes (7.0% Full)
(.data + .bss + .noinit)


Finished building: sizedummy
 
